Arguments: 
  /usr/local/Cellar/node/11.6.0/bin/node /usr/local/Cellar/yarn/1.5.1_1/libexec/bin/yarn.js start

PATH: 
  /Library/Frameworks/Python.framework/Versions/3.6/bin:/usr/local/bin:/usr/bin:/bin:/usr/sbin:/sbin

Yarn version: 
  1.5.1

Node version: 
  11.6.0

Platform: 
  darwin x64

npm manifest: 
  {
    "name": "codechallange",
    "version": "0.1.0",
    "private": true,
    "homepage": "https://johanssonjonathan.github.io/codechallenge",
    "dependencies": {
      "gh-pages": "^2.0.0",
      "react": "^16.5.2",
      "react-addons-css-transition-group": "^15.6.2",
      "react-dom": "^16.5.2",
      "react-scripts": "1.1.5",
      "react-transition-group": "^2.4.0"
    },
    "scripts": {
      "start": "react-scripts start",
      "build": "react-scripts build",
      "test": "react-scripts test --env=jsdom",
      "eject": "react-scripts eject",
      "predeploy": "npm run build",
      "deploy": "gh-pages -d build"
    },
    "devDependencies": {
      "enzyme": "^3.6.0",
      "enzyme-adapter-react-16": "^1.5.0",
      "react-test-renderer": "^16.5.2"
    }
  }

yarn manifest: 
  No manifest

Lockfile: 
  No lockfile

Trace: 
  Error: Command failed.
  Exit code: 127
  Command: sh
  Arguments: -c react-scripts start
  Directory: /Users/jonathan/Hemsidor/Github/cv
  Output:
  
      at ProcessTermError.MessageError (/usr/local/Cellar/yarn/1.5.1_1/libexec/lib/cli.js:186:110)
      at new ProcessTermError (/usr/local/Cellar/yarn/1.5.1_1/libexec/lib/cli.js:226:113)
      at ChildProcess.<anonymous> (/usr/local/Cellar/yarn/1.5.1_1/libexec/lib/cli.js:30281:17)
      at ChildProcess.emit (events.js:188:13)
      at maybeClose (internal/child_process.js:978:16)
      at Process.ChildProcess._handle.onexit (internal/child_process.js:265:5)
